
DEBUG 2023-09-29 15:18:56 This message should go to the log file
DEBUG 2023-09-29 15:18:56 This message should go to the log file
DEBUG 2023-09-29 15:18:56 This message should go to the log file
DEBUG 2023-09-29 15:18:56 This message should go to the log file
DEBUG 2023-09-29 15:18:56 This message should go to the log file
DEBUG 2023-09-29 15:18:56 This message should go to the log file
DEBUG 2023-09-29 15:18:56 This message should go to the log file
DEBUG 2023-09-29 15:18:56 This message should go to the log file
DEBUG 2023-09-29 15:18:56 This message should go to the log file
DEBUG 2023-09-29 15:18:56 This message should go to the log file
DEBUG 2023-09-29 15:20:01 This message should go to the log file
INFO 2023-09-29 15:20:01 This message should go to the log file
WARNING 2023-09-29 15:20:01 This message should go to the log file
ERROR 2023-09-29 15:20:01 This message should go to the log file
DEBUG 2023-09-29 15:20:01 This message should go to the log file
INFO 2023-09-29 15:20:01 This message should go to the log file
WARNING 2023-09-29 15:20:01 This message should go to the log file
ERROR 2023-09-29 15:20:01 This message should go to the log file
DEBUG 2023-09-29 15:20:01 This message should go to the log file
INFO 2023-09-29 15:20:01 This message should go to the log file
WARNING 2023-09-29 15:20:01 This message should go to the log file
ERROR 2023-09-29 15:20:01 This message should go to the log file
DEBUG 2023-09-29 15:20:01 This message should go to the log file
INFO 2023-09-29 15:20:01 This message should go to the log file
WARNING 2023-09-29 15:20:01 This message should go to the log file
ERROR 2023-09-29 15:20:01 This message should go to the log file
DEBUG 2023-09-29 15:20:01 This message should go to the log file
INFO 2023-09-29 15:20:01 This message should go to the log file
WARNING 2023-09-29 15:20:01 This message should go to the log file
ERROR 2023-09-29 15:20:01 This message should go to the log file
DEBUG 2023-09-29 15:20:01 This message should go to the log file
INFO 2023-09-29 15:20:01 This message should go to the log file
WARNING 2023-09-29 15:20:01 This message should go to the log file
ERROR 2023-09-29 15:20:01 This message should go to the log file
DEBUG 2023-09-29 15:20:01 This message should go to the log file
INFO 2023-09-29 15:20:01 This message should go to the log file
WARNING 2023-09-29 15:20:01 This message should go to the log file
ERROR 2023-09-29 15:20:01 This message should go to the log file
DEBUG 2023-09-29 15:20:01 This message should go to the log file
INFO 2023-09-29 15:20:01 This message should go to the log file
WARNING 2023-09-29 15:20:01 This message should go to the log file
ERROR 2023-09-29 15:20:01 This message should go to the log file
DEBUG 2023-09-29 15:20:01 This message should go to the log file
INFO 2023-09-29 15:20:01 This message should go to the log file
WARNING 2023-09-29 15:20:01 This message should go to the log file
ERROR 2023-09-29 15:20:01 This message should go to the log file
DEBUG 2023-09-29 15:20:01 This message should go to the log file
INFO 2023-09-29 15:20:01 This message should go to the log file
WARNING 2023-09-29 15:20:01 This message should go to the log file
ERROR 2023-09-29 15:20:01 This message should go to the log file
   DEBUG 2023-09-29 15:21:26 This message should go to the log file
    INFO 2023-09-29 15:21:26 This message should go to the log file
 WARNING 2023-09-29 15:21:26 This message should go to the log file
   ERROR 2023-09-29 15:21:26 This message should go to the log file
   DEBUG 2023-09-29 15:21:26 This message should go to the log file
    INFO 2023-09-29 15:21:26 This message should go to the log file
 WARNING 2023-09-29 15:21:26 This message should go to the log file
   ERROR 2023-09-29 15:21:26 This message should go to the log file
   DEBUG 2023-09-29 15:21:26 This message should go to the log file
    INFO 2023-09-29 15:21:26 This message should go to the log file
 WARNING 2023-09-29 15:21:26 This message should go to the log file
   ERROR 2023-09-29 15:21:26 This message should go to the log file
   DEBUG 2023-09-29 15:21:26 This message should go to the log file
    INFO 2023-09-29 15:21:26 This message should go to the log file
 WARNING 2023-09-29 15:21:26 This message should go to the log file
   ERROR 2023-09-29 15:21:26 This message should go to the log file
   DEBUG 2023-09-29 15:21:26 This message should go to the log file
    INFO 2023-09-29 15:21:26 This message should go to the log file
 WARNING 2023-09-29 15:21:26 This message should go to the log file
   ERROR 2023-09-29 15:21:26 This message should go to the log file
   DEBUG 2023-09-29 15:21:26 This message should go to the log file
    INFO 2023-09-29 15:21:26 This message should go to the log file
 WARNING 2023-09-29 15:21:26 This message should go to the log file
   ERROR 2023-09-29 15:21:26 This message should go to the log file
   DEBUG 2023-09-29 15:21:26 This message should go to the log file
    INFO 2023-09-29 15:21:26 This message should go to the log file
 WARNING 2023-09-29 15:21:26 This message should go to the log file
   ERROR 2023-09-29 15:21:26 This message should go to the log file
   DEBUG 2023-09-29 15:21:26 This message should go to the log file
    INFO 2023-09-29 15:21:26 This message should go to the log file
 WARNING 2023-09-29 15:21:26 This message should go to the log file
   ERROR 2023-09-29 15:21:26 This message should go to the log file
   DEBUG 2023-09-29 15:21:26 This message should go to the log file
    INFO 2023-09-29 15:21:26 This message should go to the log file
 WARNING 2023-09-29 15:21:26 This message should go to the log file
   ERROR 2023-09-29 15:21:26 This message should go to the log file
   DEBUG 2023-09-29 15:21:26 This message should go to the log file
    INFO 2023-09-29 15:21:26 This message should go to the log file
 WARNING 2023-09-29 15:21:26 This message should go to the log file
   ERROR 2023-09-29 15:21:26 This message should go to the log file
DEBUG8 2023-09-29 15:21:44 This message should go to the log file
INFO8 2023-09-29 15:21:44 This message should go to the log file
WARNING8 2023-09-29 15:21:44 This message should go to the log file
ERROR8 2023-09-29 15:21:44 This message should go to the log file
DEBUG8 2023-09-29 15:21:44 This message should go to the log file
INFO8 2023-09-29 15:21:44 This message should go to the log file
WARNING8 2023-09-29 15:21:44 This message should go to the log file
ERROR8 2023-09-29 15:21:44 This message should go to the log file
DEBUG8 2023-09-29 15:21:44 This message should go to the log file
INFO8 2023-09-29 15:21:44 This message should go to the log file
WARNING8 2023-09-29 15:21:44 This message should go to the log file
ERROR8 2023-09-29 15:21:44 This message should go to the log file
DEBUG8 2023-09-29 15:21:44 This message should go to the log file
INFO8 2023-09-29 15:21:44 This message should go to the log file
WARNING8 2023-09-29 15:21:44 This message should go to the log file
ERROR8 2023-09-29 15:21:44 This message should go to the log file
DEBUG8 2023-09-29 15:21:44 This message should go to the log file
INFO8 2023-09-29 15:21:44 This message should go to the log file
WARNING8 2023-09-29 15:21:44 This message should go to the log file
ERROR8 2023-09-29 15:21:44 This message should go to the log file
DEBUG8 2023-09-29 15:21:44 This message should go to the log file
INFO8 2023-09-29 15:21:44 This message should go to the log file
WARNING8 2023-09-29 15:21:44 This message should go to the log file
ERROR8 2023-09-29 15:21:44 This message should go to the log file
DEBUG8 2023-09-29 15:21:44 This message should go to the log file
INFO8 2023-09-29 15:21:44 This message should go to the log file
WARNING8 2023-09-29 15:21:44 This message should go to the log file
ERROR8 2023-09-29 15:21:44 This message should go to the log file
DEBUG8 2023-09-29 15:21:44 This message should go to the log file
INFO8 2023-09-29 15:21:44 This message should go to the log file
WARNING8 2023-09-29 15:21:44 This message should go to the log file
ERROR8 2023-09-29 15:21:44 This message should go to the log file
DEBUG8 2023-09-29 15:21:44 This message should go to the log file
INFO8 2023-09-29 15:21:44 This message should go to the log file
WARNING8 2023-09-29 15:21:44 This message should go to the log file
ERROR8 2023-09-29 15:21:44 This message should go to the log file
DEBUG8 2023-09-29 15:21:44 This message should go to the log file
INFO8 2023-09-29 15:21:44 This message should go to the log file
WARNING8 2023-09-29 15:21:44 This message should go to the log file
ERROR8 2023-09-29 15:21:44 This message should go to the log file
DEBUG    2023-09-29 15:22:25 This message should go to the log file
INFO     2023-09-29 15:22:25 This message should go to the log file
WARNING  2023-09-29 15:22:25 This message should go to the log file
ERROR    2023-09-29 15:22:25 This message should go to the log file
DEBUG    2023-09-29 15:22:25 This message should go to the log file
INFO     2023-09-29 15:22:25 This message should go to the log file
WARNING  2023-09-29 15:22:25 This message should go to the log file
ERROR    2023-09-29 15:22:25 This message should go to the log file
DEBUG    2023-09-29 15:22:25 This message should go to the log file
INFO     2023-09-29 15:22:25 This message should go to the log file
WARNING  2023-09-29 15:22:25 This message should go to the log file
ERROR    2023-09-29 15:22:25 This message should go to the log file
DEBUG    2023-09-29 15:22:25 This message should go to the log file
INFO     2023-09-29 15:22:25 This message should go to the log file
WARNING  2023-09-29 15:22:25 This message should go to the log file
ERROR    2023-09-29 15:22:25 This message should go to the log file
DEBUG    2023-09-29 15:22:25 This message should go to the log file
INFO     2023-09-29 15:22:25 This message should go to the log file
WARNING  2023-09-29 15:22:25 This message should go to the log file
ERROR    2023-09-29 15:22:25 This message should go to the log file
DEBUG    2023-09-29 15:22:25 This message should go to the log file
INFO     2023-09-29 15:22:25 This message should go to the log file
WARNING  2023-09-29 15:22:25 This message should go to the log file
ERROR    2023-09-29 15:22:25 This message should go to the log file
DEBUG    2023-09-29 15:22:25 This message should go to the log file
INFO     2023-09-29 15:22:25 This message should go to the log file
WARNING  2023-09-29 15:22:25 This message should go to the log file
ERROR    2023-09-29 15:22:25 This message should go to the log file
DEBUG    2023-09-29 15:22:25 This message should go to the log file
INFO     2023-09-29 15:22:25 This message should go to the log file
WARNING  2023-09-29 15:22:25 This message should go to the log file
ERROR    2023-09-29 15:22:25 This message should go to the log file
DEBUG    2023-09-29 15:22:25 This message should go to the log file
INFO     2023-09-29 15:22:25 This message should go to the log file
WARNING  2023-09-29 15:22:25 This message should go to the log file
ERROR    2023-09-29 15:22:25 This message should go to the log file
DEBUG    2023-09-29 15:22:25 This message should go to the log file
INFO     2023-09-29 15:22:25 This message should go to the log file
WARNING  2023-09-29 15:22:25 This message should go to the log file
ERROR    2023-09-29 15:22:25 This message should go to the log file
